<?xml version="1.0" encoding="UTF-8"?>
<!-- Generated by org.testng.reporters.JUnitXMLReporter -->
<testsuite ignored="0" hostname="LAPTOP-30NBV301" failures="0" tests="8" name="Default test" time="25.007" errors="0" timestamp="2022-11-22T19:12:00 IST">
  <testcase classname="com.test.cases.TestCase13" name="initialSetup" time="7.085"/>
  <testcase classname="com.test.cases.TestCase13" name="validateCreatebtn" time="0.533"/>
  <testcase classname="com.test.cases.TestCase13" name="validateCallTime" time="1.246"/>
  <testcase classname="com.test.cases.TestCase13" name="validateStarttime" time="0.775"/>
  <testcase classname="com.test.cases.TestCase13" name="validateAssignTo" time="0.199"/>
  <testcase classname="com.test.cases.TestCase13" name="validateDuration" time="0.273"/>
  <testcase classname="com.test.cases.TestCase13" name="validateFlag" time="0.194"/>
  <testcase classname="com.test.cases.TestCase13" name="validateType" time="0.239"/>
</testsuite> <!-- Default test -->
