<?xml version="1.0" encoding="UTF-8"?>
<!-- Generated by org.testng.reporters.JUnitXMLReporter -->
<testsuite ignored="0" hostname="LAPTOP-30NBV301" failures="1" tests="4" name="Test" time="21.173" errors="0" timestamp="2022-12-07T09:59:06 IST">
  <testcase classname="com.testcases.multipledata.MultipleDataLoginSet" name="intialSetup" time="5.382"/>
  <testcase classname="com.testcases.multipledata.MultipleDataLoginSet" name="multipleSetvalidate" time="0.342"/>
  <testcase classname="com.testcases.multipledata.MultipleDataLoginSet" name="multipleSetvalidate" time="0.023">
    <failure type="java.lang.IllegalArgumentException" message="Keys to send should be a not null CharSequence">
      <![CDATA[java.lang.IllegalArgumentException: Keys to send should be a not null CharSequence
at org.openqa.selenium.remote.RemoteWebElement.sendKeys(RemoteWebElement.java:98)
at org.openqa.selenium.support.pagefactory.internal.LocatingElementHandler.invoke(LocatingElementHandler.java:52)
at com.sun.proxy.$Proxy18.sendKeys(Unknown Source)
at com.page.classes.LoginPage.Enterusername(LoginPage.java:83)
at com.testcases.multipledata.MultipleDataLoginSet.multipleSetvalidate(MultipleDataLoginSet.java:23)
at java.base/java.util.ArrayList.forEach(ArrayList.java:1541)
... Removed 31 stack frames]]>
    </failure>
  </testcase> <!-- multipleSetvalidate -->
  <testcase classname="com.testcases.multipledata.MultipleDataLoginSet" name="multipleSetvalidate" time="0.285"/>
</testsuite> <!-- Test -->
