<?xml version="1.0" encoding="UTF-8"?>
<testng-results ignored="0" total="4" passed="3" failed="1" skipped="0">
  <reporter-output>
  </reporter-output>
  <suite started-at="2022-11-16T20:52:48 IST" name="Default suite" finished-at="2022-11-16T20:53:12 IST" duration-ms="24192">
    <groups>
    </groups>
    <test started-at="2022-11-16T20:52:48 IST" name="Default test" finished-at="2022-11-16T20:53:12 IST" duration-ms="24192">
      <class name="com.test.cases.TestCase5">
        <test-method is-config="true" signature="BrowserStart()[pri:0, instance:com.test.cases.TestCase5@1ca3b418]" started-at="2022-11-16T20:52:48 IST" name="BrowserStart" finished-at="2022-11-16T20:52:59 IST" duration-ms="10643" status="PASS">
          <reporter-output>
          </reporter-output>
        </test-method> <!-- BrowserStart -->
        <test-method signature="intiateValidate()[pri:1, instance:com.test.cases.TestCase5@1ca3b418]" started-at="2022-11-16T20:52:59 IST" name="intiateValidate" finished-at="2022-11-16T20:53:08 IST" duration-ms="8645" status="PASS">
          <reporter-output>
          </reporter-output>
        </test-method> <!-- intiateValidate -->
        <test-method signature="Validition()[pri:2, instance:com.test.cases.TestCase5@1ca3b418]" started-at="2022-11-16T20:53:08 IST" name="Validition" finished-at="2022-11-16T20:53:09 IST" duration-ms="1565" status="PASS">
          <reporter-output>
          </reporter-output>
        </test-method> <!-- Validition -->
        <test-method signature="GetTitle()[pri:3, instance:com.test.cases.TestCase5@1ca3b418]" started-at="2022-11-16T20:53:09 IST" name="GetTitle" finished-at="2022-11-16T20:53:09 IST" duration-ms="4" status="FAIL">
          <exception class="java.lang.NullPointerException">
            <message>
              <![CDATA[Cannot invoke "org.openqa.selenium.WebDriver.getTitle()" because "this.driver" is null]]>
            </message>
            <full-stacktrace>
              <![CDATA[java.lang.NullPointerException: Cannot invoke "org.openqa.selenium.WebDriver.getTitle()" because "this.driver" is null
at com.page.classes.ContactPage.Gettitle(ContactPage.java:173)
at com.test.cases.TestCase5.GetTitle(TestCase5.java:69)
at java.base/jdk.internal.reflect.NativeMethodAccessorImpl.invoke0(Native Method)
at java.base/jdk.internal.reflect.NativeMethodAccessorImpl.invoke(NativeMethodAccessorImpl.java:78)
at java.base/jdk.internal.reflect.DelegatingMethodAccessorImpl.invoke(DelegatingMethodAccessorImpl.java:43)
at java.base/java.lang.reflect.Method.invoke(Method.java:567)
at org.testng.internal.invokers.MethodInvocationHelper.invokeMethod(MethodInvocationHelper.java:139)
at org.testng.internal.invokers.TestInvoker.invokeMethod(TestInvoker.java:677)
at org.testng.internal.invokers.TestInvoker.invokeTestMethod(TestInvoker.java:221)
at org.testng.internal.invokers.MethodRunner.runInSequence(MethodRunner.java:50)
at org.testng.internal.invokers.TestInvoker$MethodInvocationAgent.invoke(TestInvoker.java:962)
at org.testng.internal.invokers.TestInvoker.invokeTestMethods(TestInvoker.java:194)
at org.testng.internal.invokers.TestMethodWorker.invokeTestMethods(TestMethodWorker.java:148)
at org.testng.internal.invokers.TestMethodWorker.run(TestMethodWorker.java:128)
at java.base/java.util.ArrayList.forEach(ArrayList.java:1511)
at org.testng.TestRunner.privateRun(TestRunner.java:806)
at org.testng.TestRunner.run(TestRunner.java:601)
at org.testng.SuiteRunner.runTest(SuiteRunner.java:433)
at org.testng.SuiteRunner.runSequentially(SuiteRunner.java:427)
at org.testng.SuiteRunner.privateRun(SuiteRunner.java:387)
at org.testng.SuiteRunner.run(SuiteRunner.java:330)
at org.testng.SuiteRunnerWorker.runSuite(SuiteRunnerWorker.java:52)
at org.testng.SuiteRunnerWorker.run(SuiteRunnerWorker.java:95)
at org.testng.TestNG.runSuitesSequentially(TestNG.java:1256)
at org.testng.TestNG.runSuitesLocally(TestNG.java:1176)
at org.testng.TestNG.runSuites(TestNG.java:1099)
at org.testng.TestNG.run(TestNG.java:1067)
at org.testng.remote.AbstractRemoteTestNG.run(AbstractRemoteTestNG.java:115)
at org.testng.remote.RemoteTestNG.initAndRun(RemoteTestNG.java:251)
at org.testng.remote.RemoteTestNG.main(RemoteTestNG.java:77)
]]>
            </full-stacktrace>
          </exception> <!-- java.lang.NullPointerException -->
          <reporter-output>
          </reporter-output>
        </test-method> <!-- GetTitle -->
        <test-method signature="ClickonCreat()[pri:4, instance:com.test.cases.TestCase5@1ca3b418]" started-at="2022-11-16T20:53:10 IST" name="ClickonCreat" finished-at="2022-11-16T20:53:10 IST" duration-ms="559" status="PASS">
          <reporter-output>
          </reporter-output>
        </test-method> <!-- ClickonCreat -->
        <test-method is-config="true" signature="browserTearUp()[pri:0, instance:com.test.cases.TestCase5@1ca3b418]" started-at="2022-11-16T20:53:10 IST" name="browserTearUp" finished-at="2022-11-16T20:53:12 IST" duration-ms="1510" status="PASS">
          <reporter-output>
          </reporter-output>
        </test-method> <!-- browserTearUp -->
      </class> <!-- com.test.cases.TestCase5 -->
    </test> <!-- Default test -->
  </suite> <!-- Default suite -->
</testng-results>
