<?xml version="1.0" encoding="UTF-8"?>
<testng-results ignored="0" total="1" passed="1" failed="0" skipped="0">
  <reporter-output>
  </reporter-output>
  <suite started-at="2022-11-20T09:42:55 IST" name="Default suite" finished-at="2022-11-20T09:43:34 IST" duration-ms="38634">
    <groups>
    </groups>
    <test started-at="2022-11-20T09:42:55 IST" name="Default test" finished-at="2022-11-20T09:43:34 IST" duration-ms="38634">
      <class name="com.test.cases.TestCase12">
        <test-method is-config="true" signature="BrowserStart()[pri:0, instance:com.test.cases.TestCase12@4d5d943d]" started-at="2022-11-20T09:42:55 IST" name="BrowserStart" finished-at="2022-11-20T09:43:15 IST" duration-ms="19759" status="PASS">
          <reporter-output>
          </reporter-output>
        </test-method> <!-- BrowserStart -->
        <test-method signature="initialSetup()[pri:1, instance:com.test.cases.TestCase12@4d5d943d]" started-at="2022-11-20T09:43:15 IST" name="initialSetup" finished-at="2022-11-20T09:43:28 IST" duration-ms="13266" status="PASS">
          <reporter-output>
          </reporter-output>
        </test-method> <!-- initialSetup -->
        <test-method is-config="true" signature="browserTearUp()[pri:0, instance:com.test.cases.TestCase12@4d5d943d]" started-at="2022-11-20T09:43:28 IST" name="browserTearUp" finished-at="2022-11-20T09:43:34 IST" duration-ms="5461" status="PASS">
          <reporter-output>
          </reporter-output>
        </test-method> <!-- browserTearUp -->
      </class> <!-- com.test.cases.TestCase12 -->
    </test> <!-- Default test -->
  </suite> <!-- Default suite -->
</testng-results>
